<?xml version="1.0" encoding="UTF-8"?>
<testng-results skipped="2" failed="1" ignored="1" total="7" passed="3">
  <reporter-output>
    <line>
      <![CDATA[<br>Verification Success and you got text on page : Dashboard<br>]]>
    </line>
    <line>
      <![CDATA[<br>]]>
    </line>
    <line>
      <![CDATA[<a target="_blank" href="+TestUtil.screenshotName+ "><img src=Mon_May_27_10_19_17_PKT_2019.jpg height=500 width=500></img></a>]]>
    </line>
    <line>
      <![CDATA[<br>]]>
    </line>
    <line>
      <![CDATA[<a target="_blank" href=Mon_May_27_10_19_21_PKT_2019.jpg>Screenshot</a>]]>
    </line>
    <line>
      <![CDATA[<br>]]>
    </line>
    <line>
      <![CDATA[<a target="_blank" href="+TestUtil.screenshotName+ "><img src=Mon_May_27_10_19_21_PKT_2019.jpg height=500 width=500></img></a>]]>
    </line>
    <line>
      <![CDATA[<br>Verification Success and you got text on page : Service points<br>]]>
    </line>
    <line>
      <![CDATA[<br>]]>
    </line>
    <line>
      <![CDATA[<a target="_blank" href="+TestUtil.screenshotName+ "><img src=Mon_May_27_10_19_23_PKT_2019.jpg height=500 width=500></img></a>]]>
    </line>
    <line>
      <![CDATA[<br>]]>
    </line>
    <line>
      <![CDATA[<a target="_blank" href=Mon_May_27_10_19_23_PKT_2019.jpg>Screenshot</a>]]>
    </line>
    <line>
      <![CDATA[<br>]]>
    </line>
    <line>
      <![CDATA[<a target="_blank" href="+TestUtil.screenshotName+ "><img src=Mon_May_27_10_19_23_PKT_2019.jpg height=500 width=500></img></a>]]>
    </line>
    <line>
      <![CDATA[<br>Verification failure : expected [SP11165] but found [SP11172]<br>]]>
    </line>
    <line>
      <![CDATA[<br>]]>
    </line>
    <line>
      <![CDATA[<a target="_blank" href="+TestUtil.screenshotName+ "><img src=Mon_May_27_10_19_25_PKT_2019.jpg height=500 width=500></img></a>]]>
    </line>
    <line>
      <![CDATA[<br>]]>
    </line>
    <line>
      <![CDATA[<br>]]>
    </line>
    <line>
      <![CDATA[<a target="_blank" href=Mon_May_27_10_19_29_PKT_2019.jpg>Screenshot</a>]]>
    </line>
    <line>
      <![CDATA[<br>]]>
    </line>
    <line>
      <![CDATA[<a target="_blank" href="+TestUtil.screenshotName+ "><img src=Mon_May_27_10_19_29_PKT_2019.jpg height=500 width=500></img></a>]]>
    </line>
    <line>
      <![CDATA[Click to see the screenshot]]>
    </line>
    <line>
      <![CDATA[<a target="_blank" href=Mon_May_27_10_19_45_PKT_2019.jpg>Screenshot</a>]]>
    </line>
    <line>
      <![CDATA[<br>]]>
    </line>
    <line>
      <![CDATA[<a target="_blank" href="+TestUtil.screenshotName+ "><img src=Mon_May_27_10_19_45_PKT_2019.jpg height=500 width=500></img></a>]]>
    </line>
  </reporter-output>
  <suite name="Suite" duration-ms="33455" started-at="2019-05-27T05:19:12Z" finished-at="2019-05-27T05:19:45Z">
    <groups>
    </groups>
    <test name="Test" duration-ms="33455" started-at="2019-05-27T05:19:12Z" finished-at="2019-05-27T05:19:45Z">
      <class name="com.swipbox.testcases.ServicePointFilters">
        <test-method status="PASS" signature="servicePoints()[pri:1, instance:com.swipbox.testcases.ServicePointFilters@5c00384f]" name="servicePoints" duration-ms="2100" started-at="2019-05-27T05:19:21Z" finished-at="2019-05-27T05:19:23Z">
          <reporter-output>
            <line>
              <![CDATA[<br>Verification Success and you got text on page : Service points<br>]]>
            </line>
            <line>
              <![CDATA[<br>]]>
            </line>
            <line>
              <![CDATA[<a target="_blank" href="+TestUtil.screenshotName+ "><img src=Mon_May_27_10_19_23_PKT_2019.jpg height=500 width=500></img></a>]]>
            </line>
            <line>
              <![CDATA[<br>]]>
            </line>
            <line>
              <![CDATA[<a target="_blank" href=Mon_May_27_10_19_23_PKT_2019.jpg>Screenshot</a>]]>
            </line>
            <line>
              <![CDATA[<br>]]>
            </line>
            <line>
              <![CDATA[<a target="_blank" href="+TestUtil.screenshotName+ "><img src=Mon_May_27_10_19_23_PKT_2019.jpg height=500 width=500></img></a>]]>
            </line>
          </reporter-output>
        </test-method> <!-- servicePoints -->
        <test-method status="PASS" signature="servicePointsFiltersById(java.lang.String, java.lang.String, java.lang.String, java.lang.String)[pri:2, instance:com.swipbox.testcases.ServicePointFilters@5c00384f]" name="servicePointsFiltersById" duration-ms="5281" started-at="2019-05-27T05:19:24Z" data-provider="getData" depends-on-methods="com.swipbox.testcases.ServicePointFilters.servicePoints" finished-at="2019-05-27T05:19:29Z">
          <params>
            <param index="0">
              <value>
                <![CDATA[SP11165]]>
              </value>
            </param>
            <param index="1">
              <value>
                <![CDATA[IslamAbadTesting]]>
              </value>
            </param>
            <param index="2">
              <value>
                <![CDATA[PL]]>
              </value>
            </param>
            <param index="3">
              <value>
                <![CDATA[Al Rehman Plaza , G-11]]>
              </value>
            </param>
          </params>
          <reporter-output>
            <line>
              <![CDATA[<br>Verification failure : expected [SP11165] but found [SP11172]<br>]]>
            </line>
            <line>
              <![CDATA[<br>]]>
            </line>
            <line>
              <![CDATA[<a target="_blank" href="+TestUtil.screenshotName+ "><img src=Mon_May_27_10_19_25_PKT_2019.jpg height=500 width=500></img></a>]]>
            </line>
            <line>
              <![CDATA[<br>]]>
            </line>
            <line>
              <![CDATA[<br>]]>
            </line>
            <line>
              <![CDATA[<a target="_blank" href=Mon_May_27_10_19_29_PKT_2019.jpg>Screenshot</a>]]>
            </line>
            <line>
              <![CDATA[<br>]]>
            </line>
            <line>
              <![CDATA[<a target="_blank" href="+TestUtil.screenshotName+ "><img src=Mon_May_27_10_19_29_PKT_2019.jpg height=500 width=500></img></a>]]>
            </line>
          </reporter-output>
        </test-method> <!-- servicePointsFiltersById -->
        <test-method status="FAIL" signature="servicePointsFiltersByType(java.lang.String, java.lang.String, java.lang.String, java.lang.String)[pri:3, instance:com.swipbox.testcases.ServicePointFilters@5c00384f]" name="servicePointsFiltersByType" duration-ms="15430" started-at="2019-05-27T05:19:29Z" data-provider="getData" depends-on-methods="com.swipbox.testcases.ServicePointFilters.servicePointsFiltersById" finished-at="2019-05-27T05:19:45Z">
          <params>
            <param index="0">
              <value>
                <![CDATA[SP11165]]>
              </value>
            </param>
            <param index="1">
              <value>
                <![CDATA[IslamAbadTesting]]>
              </value>
            </param>
            <param index="2">
              <value>
                <![CDATA[PL]]>
              </value>
            </param>
            <param index="3">
              <value>
                <![CDATA[Al Rehman Plaza , G-11]]>
              </value>
            </param>
          </params>
          <exception class="org.openqa.selenium.NoSuchElementException">
            <message>
              <![CDATA[no such element: Unable to locate element: {"method":"xpath","selector":"//div[1]/form/div/div/input[contains(text(),'Al Rehman Plaza , G-11')]"}
  (Session info: chrome=74.0.3729.169)
  (Driver info: chromedriver=74.0.3729.6 (255758eccf3d244491b8a1317aa76e1ce10d57e9-refs/branch-heads/3729@{#29}),platform=Windows NT 6.3.9600 x86_64) (WARNING: The server did not provide any stacktrace information)
Command duration or timeout: 15.04 seconds
For documentation on this error, please visit: http://seleniumhq.org/exceptions/no_such_element.html
Build info: version: '2.53.1', revision: 'a36b8b1cd5757287168e54b817830adce9b0158d', time: '2016-06-30 19:26:09'
System info: host: 'USER', ip: '192.168.100.4', os.name: 'Windows 8.1', os.arch: 'amd64', os.version: '6.3', java.version: '1.8.0_181'
Driver info: org.openqa.selenium.chrome.ChromeDriver
Capabilities [{mobileEmulationEnabled=false, timeouts={implicit=0, pageLoad=300000, script=30000}, hasTouchScreen=false, platform=WIN8_1, acceptSslCerts=false, goog:chromeOptions={debuggerAddress=localhost:51149}, acceptInsecureCerts=false, webStorageEnabled=true, browserName=chrome, takesScreenshot=true, javascriptEnabled=true, setWindowRect=true, unexpectedAlertBehaviour=ignore, applicationCacheEnabled=false, rotatable=false, networkConnectionEnabled=false, chrome={chromedriverVersion=74.0.3729.6 (255758eccf3d244491b8a1317aa76e1ce10d57e9-refs/branch-heads/3729@{#29}), userDataDir=C:\Users\admin\AppData\Local\Temp\scoped_dir4828_15501}, takesHeapSnapshot=true, pageLoadStrategy=normal, strictFileInteractability=false, databaseEnabled=false, handlesAlerts=true, version=74.0.3729.169, browserConnectionEnabled=false, proxy={}, nativeEvents=true, locationContextEnabled=true, cssSelectorsEnabled=true}]
Session ID: d374755c866af4f375eaaa328838eaf1
*** Element info: {Using=xpath, value=//div[1]/form/div/div/input[contains(text(),'Al Rehman Plaza , G-11')]}]]>
            </message>
            <full-stacktrace>
              <![CDATA[org.openqa.selenium.NoSuchElementException: no such element: Unable to locate element: {"method":"xpath","selector":"//div[1]/form/div/div/input[contains(text(),'Al Rehman Plaza , G-11')]"}
  (Session info: chrome=74.0.3729.169)
  (Driver info: chromedriver=74.0.3729.6 (255758eccf3d244491b8a1317aa76e1ce10d57e9-refs/branch-heads/3729@{#29}),platform=Windows NT 6.3.9600 x86_64) (WARNING: The server did not provide any stacktrace information)
Command duration or timeout: 15.04 seconds
For documentation on this error, please visit: http://seleniumhq.org/exceptions/no_such_element.html
Build info: version: '2.53.1', revision: 'a36b8b1cd5757287168e54b817830adce9b0158d', time: '2016-06-30 19:26:09'
System info: host: 'USER', ip: '192.168.100.4', os.name: 'Windows 8.1', os.arch: 'amd64', os.version: '6.3', java.version: '1.8.0_181'
Driver info: org.openqa.selenium.chrome.ChromeDriver
Capabilities [{mobileEmulationEnabled=false, timeouts={implicit=0, pageLoad=300000, script=30000}, hasTouchScreen=false, platform=WIN8_1, acceptSslCerts=false, goog:chromeOptions={debuggerAddress=localhost:51149}, acceptInsecureCerts=false, webStorageEnabled=true, browserName=chrome, takesScreenshot=true, javascriptEnabled=true, setWindowRect=true, unexpectedAlertBehaviour=ignore, applicationCacheEnabled=false, rotatable=false, networkConnectionEnabled=false, chrome={chromedriverVersion=74.0.3729.6 (255758eccf3d244491b8a1317aa76e1ce10d57e9-refs/branch-heads/3729@{#29}), userDataDir=C:\Users\admin\AppData\Local\Temp\scoped_dir4828_15501}, takesHeapSnapshot=true, pageLoadStrategy=normal, strictFileInteractability=false, databaseEnabled=false, handlesAlerts=true, version=74.0.3729.169, browserConnectionEnabled=false, proxy={}, nativeEvents=true, locationContextEnabled=true, cssSelectorsEnabled=true}]
Session ID: d374755c866af4f375eaaa328838eaf1
*** Element info: {Using=xpath, value=//div[1]/form/div/div/input[contains(text(),'Al Rehman Plaza , G-11')]}
at sun.reflect.NativeConstructorAccessorImpl.newInstance0(Native Method)
at sun.reflect.NativeConstructorAccessorImpl.newInstance(NativeConstructorAccessorImpl.java:62)
at sun.reflect.DelegatingConstructorAccessorImpl.newInstance(DelegatingConstructorAccessorImpl.java:45)
at java.lang.reflect.Constructor.newInstance(Constructor.java:423)
at org.openqa.selenium.remote.ErrorHandler.createThrowable(ErrorHandler.java:206)
at org.openqa.selenium.remote.ErrorHandler.throwIfResponseFailed(ErrorHandler.java:158)
at org.openqa.selenium.remote.RemoteWebDriver.execute(RemoteWebDriver.java:678)
at org.openqa.selenium.remote.RemoteWebDriver.findElement(RemoteWebDriver.java:363)
at org.openqa.selenium.remote.RemoteWebDriver.findElementByXPath(RemoteWebDriver.java:500)
at org.openqa.selenium.By$ByXPath.findElement(By.java:361)
at org.openqa.selenium.remote.RemoteWebDriver.findElement(RemoteWebDriver.java:355)
at com.swipBox.base.Page.verifyEquals(Page.java:270)
at com.swipBox.servicePoints.ServicePointsPage.filterServicePoint(ServicePointsPage.java:168)
at com.swipbox.testcases.ServicePointFilters.servicePointsFiltersByType(ServicePointFilters.java:30)
at sun.reflect.NativeMethodAccessorImpl.invoke0(Native Method)
at sun.reflect.NativeMethodAccessorImpl.invoke(NativeMethodAccessorImpl.java:62)
at sun.reflect.DelegatingMethodAccessorImpl.invoke(DelegatingMethodAccessorImpl.java:43)
at java.lang.reflect.Method.invoke(Method.java:498)
at org.testng.internal.MethodInvocationHelper.invokeMethod(MethodInvocationHelper.java:124)
at org.testng.internal.Invoker.invokeMethod(Invoker.java:583)
at org.testng.internal.Invoker.invokeTestMethod(Invoker.java:719)
at org.testng.internal.Invoker.invokeTestMethods(Invoker.java:989)
at org.testng.internal.TestMethodWorker.invokeTestMethods(TestMethodWorker.java:125)
at org.testng.internal.TestMethodWorker.run(TestMethodWorker.java:109)
at org.testng.TestRunner.privateRun(TestRunner.java:648)
at org.testng.TestRunner.run(TestRunner.java:505)
at org.testng.SuiteRunner.runTest(SuiteRunner.java:455)
at org.testng.SuiteRunner.runSequentially(SuiteRunner.java:450)
at org.testng.SuiteRunner.privateRun(SuiteRunner.java:415)
at org.testng.SuiteRunner.run(SuiteRunner.java:364)
at org.testng.SuiteRunnerWorker.runSuite(SuiteRunnerWorker.java:52)
at org.testng.SuiteRunnerWorker.run(SuiteRunnerWorker.java:84)
at org.testng.TestNG.runSuitesSequentially(TestNG.java:1208)
at org.testng.TestNG.runSuitesLocally(TestNG.java:1137)
at org.testng.TestNG.runSuites(TestNG.java:1049)
at org.testng.TestNG.run(TestNG.java:1017)
at org.testng.remote.AbstractRemoteTestNG.run(AbstractRemoteTestNG.java:115)
at org.testng.remote.RemoteTestNG.initAndRun(RemoteTestNG.java:251)
at org.testng.remote.RemoteTestNG.main(RemoteTestNG.java:77)
]]>
            </full-stacktrace>
          </exception> <!-- org.openqa.selenium.NoSuchElementException -->
          <reporter-output>
            <line>
              <![CDATA[Click to see the screenshot]]>
            </line>
            <line>
              <![CDATA[<a target="_blank" href=Mon_May_27_10_19_45_PKT_2019.jpg>Screenshot</a>]]>
            </line>
            <line>
              <![CDATA[<br>]]>
            </line>
            <line>
              <![CDATA[<a target="_blank" href="+TestUtil.screenshotName+ "><img src=Mon_May_27_10_19_45_PKT_2019.jpg height=500 width=500></img></a>]]>
            </line>
          </reporter-output>
        </test-method> <!-- servicePointsFiltersByType -->
        <test-method status="SKIP" signature="servicePointsFiltersBylocation(java.lang.String, java.lang.String, java.lang.String, java.lang.String)[pri:4, instance:com.swipbox.testcases.ServicePointFilters@5c00384f]" name="servicePointsFiltersBylocation" duration-ms="0" started-at="2019-05-27T05:19:45Z" data-provider="getData" depends-on-methods="com.swipbox.testcases.ServicePointFilters.servicePointsFiltersByType" finished-at="2019-05-27T05:19:45Z">
          <exception class="java.lang.Throwable">
            <message>
              <![CDATA[Method ServicePointFilters.servicePointsFiltersBylocation(java.lang.String, java.lang.String, java.lang.String, java.lang.String)[pri:4, instance:com.swipbox.testcases.ServicePointFilters@5c00384f] depends on not successfully finished methods]]>
            </message>
            <full-stacktrace>
              <![CDATA[java.lang.Throwable: Method ServicePointFilters.servicePointsFiltersBylocation(java.lang.String, java.lang.String, java.lang.String, java.lang.String)[pri:4, instance:com.swipbox.testcases.ServicePointFilters@5c00384f] depends on not successfully finished methods
at org.testng.internal.Invoker.invokeTestMethods(Invoker.java:888)
at org.testng.internal.TestMethodWorker.invokeTestMethods(TestMethodWorker.java:125)
at org.testng.internal.TestMethodWorker.run(TestMethodWorker.java:109)
at org.testng.TestRunner.privateRun(TestRunner.java:648)
at org.testng.TestRunner.run(TestRunner.java:505)
at org.testng.SuiteRunner.runTest(SuiteRunner.java:455)
at org.testng.SuiteRunner.runSequentially(SuiteRunner.java:450)
at org.testng.SuiteRunner.privateRun(SuiteRunner.java:415)
at org.testng.SuiteRunner.run(SuiteRunner.java:364)
at org.testng.SuiteRunnerWorker.runSuite(SuiteRunnerWorker.java:52)
at org.testng.SuiteRunnerWorker.run(SuiteRunnerWorker.java:84)
at org.testng.TestNG.runSuitesSequentially(TestNG.java:1208)
at org.testng.TestNG.runSuitesLocally(TestNG.java:1137)
at org.testng.TestNG.runSuites(TestNG.java:1049)
at org.testng.TestNG.run(TestNG.java:1017)
at org.testng.remote.AbstractRemoteTestNG.run(AbstractRemoteTestNG.java:115)
at org.testng.remote.RemoteTestNG.initAndRun(RemoteTestNG.java:251)
at org.testng.remote.RemoteTestNG.main(RemoteTestNG.java:77)
]]>
            </full-stacktrace>
          </exception> <!-- java.lang.Throwable -->
          <reporter-output>
          </reporter-output>
        </test-method> <!-- servicePointsFiltersBylocation -->
        <test-method status="SKIP" signature="servicePointsFiltersByAddress(java.lang.String, java.lang.String, java.lang.String, java.lang.String)[pri:5, instance:com.swipbox.testcases.ServicePointFilters@5c00384f]" name="servicePointsFiltersByAddress" duration-ms="0" started-at="2019-05-27T05:19:45Z" data-provider="getData" depends-on-methods="com.swipbox.testcases.ServicePointFilters.servicePointsFiltersBylocation" finished-at="2019-05-27T05:19:45Z">
          <exception class="java.lang.Throwable">
            <message>
              <![CDATA[Method ServicePointFilters.servicePointsFiltersByAddress(java.lang.String, java.lang.String, java.lang.String, java.lang.String)[pri:5, instance:com.swipbox.testcases.ServicePointFilters@5c00384f] depends on not successfully finished methods]]>
            </message>
            <full-stacktrace>
              <![CDATA[java.lang.Throwable: Method ServicePointFilters.servicePointsFiltersByAddress(java.lang.String, java.lang.String, java.lang.String, java.lang.String)[pri:5, instance:com.swipbox.testcases.ServicePointFilters@5c00384f] depends on not successfully finished methods
at org.testng.internal.Invoker.invokeTestMethods(Invoker.java:888)
at org.testng.internal.TestMethodWorker.invokeTestMethods(TestMethodWorker.java:125)
at org.testng.internal.TestMethodWorker.run(TestMethodWorker.java:109)
at org.testng.TestRunner.privateRun(TestRunner.java:648)
at org.testng.TestRunner.run(TestRunner.java:505)
at org.testng.SuiteRunner.runTest(SuiteRunner.java:455)
at org.testng.SuiteRunner.runSequentially(SuiteRunner.java:450)
at org.testng.SuiteRunner.privateRun(SuiteRunner.java:415)
at org.testng.SuiteRunner.run(SuiteRunner.java:364)
at org.testng.SuiteRunnerWorker.runSuite(SuiteRunnerWorker.java:52)
at org.testng.SuiteRunnerWorker.run(SuiteRunnerWorker.java:84)
at org.testng.TestNG.runSuitesSequentially(TestNG.java:1208)
at org.testng.TestNG.runSuitesLocally(TestNG.java:1137)
at org.testng.TestNG.runSuites(TestNG.java:1049)
at org.testng.TestNG.run(TestNG.java:1017)
at org.testng.remote.AbstractRemoteTestNG.run(AbstractRemoteTestNG.java:115)
at org.testng.remote.RemoteTestNG.initAndRun(RemoteTestNG.java:251)
at org.testng.remote.RemoteTestNG.main(RemoteTestNG.java:77)
]]>
            </full-stacktrace>
          </exception> <!-- java.lang.Throwable -->
          <reporter-output>
          </reporter-output>
        </test-method> <!-- servicePointsFiltersByAddress -->
      </class> <!-- com.swipbox.testcases.ServicePointFilters -->
      <class name="com.swipbox.testcases.EmailLogin">
        <test-method status="PASS" signature="emailLogin(java.util.Hashtable)[pri:0, instance:com.swipbox.testcases.EmailLogin@36f48b4]" name="emailLogin" duration-ms="8285" started-at="2019-05-27T05:19:12Z" data-provider="dp" finished-at="2019-05-27T05:19:20Z">
          <params>
            <param index="0">
              <value>
                <![CDATA[{password=12345678s, username=yasir.nazir@swipbox.com}]]>
              </value>
            </param>
          </params>
          <reporter-output>
            <line>
              <![CDATA[<br>Verification Success and you got text on page : Dashboard<br>]]>
            </line>
            <line>
              <![CDATA[<br>]]>
            </line>
            <line>
              <![CDATA[<a target="_blank" href="+TestUtil.screenshotName+ "><img src=Mon_May_27_10_19_17_PKT_2019.jpg height=500 width=500></img></a>]]>
            </line>
            <line>
              <![CDATA[<br>]]>
            </line>
            <line>
              <![CDATA[<a target="_blank" href=Mon_May_27_10_19_21_PKT_2019.jpg>Screenshot</a>]]>
            </line>
            <line>
              <![CDATA[<br>]]>
            </line>
            <line>
              <![CDATA[<a target="_blank" href="+TestUtil.screenshotName+ "><img src=Mon_May_27_10_19_21_PKT_2019.jpg height=500 width=500></img></a>]]>
            </line>
          </reporter-output>
        </test-method> <!-- emailLogin -->
        <test-method status="PASS" signature="tearDown()[pri:0, instance:com.swipbox.testcases.EmailLogin@36f48b4]" name="tearDown" is-config="true" duration-ms="1169" started-at="2019-05-27T05:19:45Z" finished-at="2019-05-27T05:19:46Z">
          <reporter-output>
          </reporter-output>
        </test-method> <!-- tearDown -->
      </class> <!-- com.swipbox.testcases.EmailLogin -->
    </test> <!-- Test -->
  </suite> <!-- Suite -->
</testng-results>
